#
# A fatal error has been detected by the Java Runtime Environment:
#
#  EXCEPTION_ACCESS_VIOLATION (0xc0000005) at pc=0x00007ffab55a880f, pid=6312, tid=8112
#
# JRE version: Java(TM) SE Runtime Environment (9.0+11) (build 9.0.4+11)
# Java VM: Java HotSpot(TM) 64-Bit Server VM (9.0.4+11, mixed mode, tiered, compressed oops, g1 gc, windows-amd64)
# Problematic frame:
# C  [librdi_common.dll+0x17880f]
#
# No core dump will be written. Minidumps are not enabled by default on client versions of Windows
#
# If you would like to submit a bug report, please visit:
#   http://bugreport.java.com/bugreport/crash.jsp
# The crash happened outside the Java Virtual Machine in native code.
# See problematic frame for where to report the bug.
#

---------------  S U M M A R Y ------------

Command Line: -Dsun.java2d.pmoffscreen=false -Dsun.java2d.xrender=false -Dsun.java2d.d3d=false -Dsun.awt.nopixfmt=true -Dsun.java2d.dpiaware=true -Dsun.java2d.uiScale.enabled=false -Xverify:none -Dswing.aatext=true -XX:-UsePerfData -Djdk.map.althashing.threshold=512 -XX:StringTableSize=4072 --add-opens=java.base/java.nio=ALL-UNNAMED --add-opens=java.desktop/sun.swing=ALL-UNNAMED --add-opens=java.desktop/javax.swing=ALL-UNNAMED --add-opens=java.desktop/javax.swing.tree=ALL-UNNAMED --add-opens=java.desktop/javax.swing.plaf.basic=ALL-UNNAMED --add-opens=java.desktop/javax.swing.plaf.synth=ALL-UNNAMED --add-opens=java.desktop/com.sun.awt=ALL-UNNAMED -XX:NewSize=60m -XX:MaxNewSize=60m -Xms128m -Xmx3072m -Xss5m 

Host: Intel(R) Core(TM) i7-6820HQ CPU @ 2.70GHz, 8 cores, 7G,  Windows 10 , 64 bit Build 18362 (10.0.18362.1500)
Time: Mon Jul 11 17:43:40 2022 SE Asia Standard Time elapsed time: 1866 seconds (0d 0h 31m 6s)

---------------  T H R E A D  ---------------

Current thread (0x0000019b916db800):  JavaThread "AWT-EventQueue-0" [_thread_in_native, id=8112, stack(0x0000004da9a00000,0x0000004da9f00000)]

Stack: [0x0000004da9a00000,0x0000004da9f00000],  sp=0x0000004da9efab90,  free space=5098k
Native frames: (J=compiled Java code, j=interpreted, Vv=VM code, C=native code)
C  [librdi_common.dll+0x17880f]
C  [librdi_common.dll+0x81bcd]
C  0x00007ffa93c59e1e
C  0x00007ffa93cd6eaf
C  0x00007ffa93cde869
C  0x00007ffa93caf5bb
C  0x00007ffa93ceb487
C  0x0000019b88f50d3a

Java frames: (J=compiled Java code, j=interpreted, Vv=VM code)
J 19845  ui.views.waveform.waveformi.WVExecutive_getTooltipTextDelayed(J)Ljava/lang/String; (0 bytes) @ 0x0000019b88f50ca1 [0x0000019b88f50c60+0x0000000000000041]
J 19839 c1 ui.views.waveform.b.a.bI(Ljava/awt/event/MouseEvent;)V (135 bytes) @ 0x0000019b82303524 [0x0000019b82302e80+0x00000000000006a4]
J 19401 c1 ui.views.waveform.b.a.mouseMoved(Ljava/awt/event/MouseEvent;)V (32 bytes) @ 0x0000019b81cc064c [0x0000019b81cc0120+0x000000000000052c]
J 15117 c2 java.awt.AWTEventMulticaster.mouseMoved(Ljava/awt/event/MouseEvent;)V java.desktop@9.0.4 (27 bytes) @ 0x0000019b87ceed74 [0x0000019b87ceecc0+0x00000000000000b4]
J 15117 c2 java.awt.AWTEventMulticaster.mouseMoved(Ljava/awt/event/MouseEvent;)V java.desktop@9.0.4 (27 bytes) @ 0x0000019b87ceed34 [0x0000019b87ceecc0+0x0000000000000074]
J 15998 c2 javax.swing.JComponent.processMouseMotionEvent(Ljava/awt/event/MouseEvent;)V java.desktop@9.0.4 (46 bytes) @ 0x0000019b889780fc [0x0000019b88978040+0x00000000000000bc]
J 19394 c1 ui.frmwork.c.i.processMouseMotionEvent(Ljava/awt/event/MouseEvent;)V (131 bytes) @ 0x0000019b81daef44 [0x0000019b81dae080+0x0000000000000ec4]
J 15121 c2 java.awt.Container.processEvent(Ljava/awt/AWTEvent;)V java.desktop@9.0.4 (22 bytes) @ 0x0000019b87efc8c4 [0x0000019b87efc740+0x0000000000000184]
J 15003 c2 java.awt.Component.dispatchEventImpl(Ljava/awt/AWTEvent;)V java.desktop@9.0.4 (739 bytes) @ 0x0000019b888a5a98 [0x0000019b888a5020+0x0000000000000a78]
J 20449 c2 java.awt.Container.dispatchEventImpl(Ljava/awt/AWTEvent;)V java.desktop@9.0.4 (129 bytes) @ 0x0000019b885c6f18 [0x0000019b885c6ec0+0x0000000000000058]
J 13233 c2 java.awt.LightweightDispatcher.retargetMouseEvent(Ljava/awt/Component;ILjava/awt/event/MouseEvent;)V java.desktop@9.0.4 (350 bytes) @ 0x0000019b88687d88 [0x0000019b88687820+0x0000000000000568]
J 15479 c2 java.awt.LightweightDispatcher.processMouseEvent(Ljava/awt/event/MouseEvent;)Z java.desktop@9.0.4 (265 bytes) @ 0x0000019b8820b2e0 [0x0000019b8820ab20+0x00000000000007c0]
J 20449 c2 java.awt.Container.dispatchEventImpl(Ljava/awt/AWTEvent;)V java.desktop@9.0.4 (129 bytes) @ 0x0000019b885c72b0 [0x0000019b885c6ec0+0x00000000000003f0]
J 16509 c2 java.awt.Window.dispatchEventImpl(Ljava/awt/AWTEvent;)V java.desktop@9.0.4 (23 bytes) @ 0x0000019b885ac38c [0x0000019b885ac340+0x000000000000004c]
J 13295 c2 java.awt.EventQueue$3.run()Ljava/lang/Object; java.desktop@9.0.4 (5 bytes) @ 0x0000019b88691df0 [0x0000019b88691800+0x00000000000005f0]
v  ~StubRoutines::call_stub
J 2958  java.security.AccessController.doPrivileged(Ljava/security/PrivilegedAction;Ljava/security/AccessControlContext;)Ljava/lang/Object; java.base@9.0.4 (0 bytes) @ 0x0000019b87c8a446 [0x0000019b87c8a3e0+0x0000000000000066]
J 14802 c2 java.awt.EventQueue$4.run()Ljava/lang/Object; java.desktop@9.0.4 (5 bytes) @ 0x0000019b8883c934 [0x0000019b8883c6e0+0x0000000000000254]
v  ~StubRoutines::call_stub
J 2958  java.security.AccessController.doPrivileged(Ljava/security/PrivilegedAction;Ljava/security/AccessControlContext;)Ljava/lang/Object; java.base@9.0.4 (0 bytes) @ 0x0000019b87c8a446 [0x0000019b87c8a3e0+0x0000000000000066]
J 16269 c2 ui.frmwork.b.d.dispatchEvent(Ljava/awt/AWTEvent;)V (34 bytes) @ 0x0000019b88a2b41c [0x0000019b88a2b0a0+0x000000000000037c]
J 18230 c2 java.awt.EventDispatchThread.pumpOneEventForFilters(I)V java.desktop@9.0.4 (218 bytes) @ 0x0000019b88d95e40 [0x0000019b88d95b00+0x0000000000000340]
J 17465% c2 java.awt.EventDispatchThread.pumpEventsForFilter(ILjava/awt/Conditional;Ljava/awt/EventFilter;)V java.desktop@9.0.4 (47 bytes) @ 0x0000019b87cc0fc0 [0x0000019b87cc0ec0+0x0000000000000100]
j  java.awt.EventDispatchThread.pumpEventsForHierarchy(ILjava/awt/Conditional;Ljava/awt/Component;)V+11 java.desktop@9.0.4
j  java.awt.EventDispatchThread.pumpEvents(ILjava/awt/Conditional;)V+4 java.desktop@9.0.4
j  java.awt.EventDispatchThread.pumpEvents(Ljava/awt/Conditional;)V+3 java.desktop@9.0.4
j  java.awt.EventDispatchThread.run()V+9 java.desktop@9.0.4
v  ~StubRoutines::call_stub

siginfo: EXCEPTION_ACCESS_VIOLATION (0xc0000005), reading address 0xffffffffffffffff


Register to memory mapping:

RIP=0x00007ffab55a880f librdi_common.dll
RAX=0x0000019be7f35d01 is an unknown value
RBX=0x0000004da9efac50 is pointing into the stack for thread: 0x0000019b916db800
RCX=0x0000019be7f35d20 is an unknown value
RDX=0x900266002bcb30d7 is an unknown value
RSP=0x0000004da9efab90 is pointing into the stack for thread: 0x0000019b916db800
RBP=0x0000004da9efade0 is pointing into the stack for thread: 0x0000019b916db800
RSI=0x0000000000000000 is an unknown value
RDI=0x900266002bcb30d7 is an unknown value
R8 =0x00007ffa93ec37dc is an unknown value
R9 =0x0000000000000000 is an unknown value
R10=0x0000000000000001 is an unknown value
R11=0x0000004da9efac18 is pointing into the stack for thread: 0x0000019b916db800
R12=0x0000000000000000 is an unknown value
R13=0x0000000000000000 is an unknown value
R14=0x0000019b9ac68e00 is an unknown value
R15=0x0000000000dd40a0 is an unknown value


Registers:
RAX=0x0000019be7f35d01, RBX=0x0000004da9efac50, RCX=0x0000019be7f35d20, RDX=0x900266002bcb30d7
RSP=0x0000004da9efab90, RBP=0x0000004da9efade0, RSI=0x0000000000000000, RDI=0x900266002bcb30d7
R8 =0x00007ffa93ec37dc, R9 =0x0000000000000000, R10=0x0000000000000001, R11=0x0000004da9efac18
R12=0x0000000000000000, R13=0x0000000000000000, R14=0x0000019b9ac68e00, R15=0x0000000000dd40a0
RIP=0x00007ffab55a880f, EFLAGS=0x0000000000010202

Top of Stack: (sp=0x0000004da9efab90)
0x0000004da9efab90:   0000000000000000 000000000000000f
0x0000004da9efaba0:   0000019b9ef69100 0000004da9efac50
0x0000004da9efabb0:   0000000000000000 fffffffffffffffe
0x0000004da9efabc0:   00007ffa93ed6500 00007ffb179a6008
0x0000004da9efabd0:   0000000000000000 000000000000000f
0x0000004da9efabe0:   0000000065757200 0000000000000000
0x0000004da9efabf0:   0000000000000000 000000000000000f
0x0000004da9efac00:   0000296d723b934e 00007ffb179a5fe0
0x0000004da9efac10:   0000004da9efadc8 00007ffab54b1bcd
0x0000004da9efac20:   00007ffa93ec3798 0000019b9ac68e00
0x0000004da9efac30:   0000019b9ac68e00 0000019b9c360c90
0x0000004da9efac40:   0000019b9ac68e00 fffffffffffffffe
0x0000004da9efac50:   0000000000000000 00007ffa93c58c87
0x0000004da9efac60:   0000000000dd40a0 0000019b9ac68e00
0x0000004da9efac70:   0000296d723b94fe 0000000000000000
0x0000004da9efac80:   0000000000000000 00007ffa93c59e1e 

Instructions: (pc=0x00007ffab55a880f)
0x00007ffab55a87ef:   6e 00 cc 48 83 f9 27 76 07 ff 15 e2 64 6e 00 cc
0x00007ffab55a87ff:   48 8b c8 e8 c9 b4 5a 00 48 8b c3 e9 1c 01 00 00
0x00007ffab55a880f:   48 8b 4f 50 48 85 c9 0f 84 ff 00 00 00 48 8d 54
0x00007ffab55a881f:   24 50 e8 ba e3 04 00 48 8b d0 48 8d 4c 24 30 e8 



---------------  P R O C E S S  ---------------

Java Threads: ( => current thread )
  0x0000019b93995000 JavaThread "Relaunch Simulation" [_thread_blocked, id=6380, stack(0x0000004daf900000,0x0000004dafe00000)]
  0x0000019b9cae9000 JavaThread "Thread-1931" [_thread_in_native, id=2276, stack(0x0000004db0d00000,0x0000004db0e00000)]
  0x0000019b93995800 JavaThread "SyntheticaAnimation 50" daemon [_thread_blocked, id=4512, stack(0x0000004db0300000,0x0000004db0800000)]
  0x0000019b91cb0000 JavaThread "Monitor File Timestamp Swing Worker" [_thread_blocked, id=6996, stack(0x0000004daef00000,0x0000004daf400000)]
  0x0000019b9caf5000 JavaThread "Timer-2" [_thread_blocked, id=7656, stack(0x0000004daea00000,0x0000004daef00000)]
  0x0000019b91cb4800 JavaThread "Image Animator 0" daemon [_thread_blocked, id=1380, stack(0x0000004daf400000,0x0000004daf900000)]
  0x0000019b9caf4000 JavaThread "Monitor File Timestamp Swing Worker" [_thread_blocked, id=15016, stack(0x0000004dae500000,0x0000004daea00000)]
  0x0000019b9caec000 JavaThread "Timer-1" [_thread_blocked, id=5104, stack(0x0000004dae000000,0x0000004dae500000)]
  0x0000019b9caf2800 JavaThread "Monitor File Timestamp Swing Worker" [_thread_blocked, id=8036, stack(0x0000004dad600000,0x0000004dadb00000)]
  0x0000019b9caf2000 JavaThread "Timer-0" [_thread_blocked, id=3560, stack(0x0000004dabd00000,0x0000004dac200000)]
  0x0000019b9caf6800 JavaThread "SyntheticaAnimation 50" daemon [_thread_blocked, id=2864, stack(0x0000004dadb00000,0x0000004dae000000)]
  0x0000019b9cae9800 JavaThread "hw_ila_monitor" [_thread_blocked, id=4560, stack(0x0000004dad100000,0x0000004dad600000)]
  0x0000019b91cb3800 JavaThread "Update Runs Swing Worker" [_thread_blocked, id=14960, stack(0x0000004dacc00000,0x0000004dad100000)]
  0x0000019b91cb3000 JavaThread "Refresh Filesets Swing Worker" [_thread_blocked, id=14748, stack(0x0000004dac700000,0x0000004dacc00000)]
  0x0000019b91cb6800 JavaThread "SyntheticaAnimation 70" daemon [_thread_blocked, id=4060, stack(0x0000004dac200000,0x0000004dac700000)]
  0x0000019b91cb6000 JavaThread "SyntheticaAnimation 25" daemon [_thread_blocked, id=3416, stack(0x0000004da9000000,0x0000004da9500000)]
  0x0000019b91cb2000 JavaThread "SyntheticaAnimation 50" daemon [_thread_blocked, id=14400, stack(0x0000004dab800000,0x0000004dabd00000)]
  0x0000019b91cb0800 JavaThread "Monitor HEventQueue" [_thread_blocked, id=4740, stack(0x0000004dab300000,0x0000004dab800000)]
  0x0000019b91cb1800 JavaThread "Batik CleanerThread" daemon [_thread_blocked, id=15308, stack(0x0000004daae00000,0x0000004dab300000)]
  0x0000019b91cb5000 JavaThread "SyntheticaCleanerThread" daemon [_thread_blocked, id=9144, stack(0x0000004da9f00000,0x0000004daa400000)]
  0x0000019b91cda000 JavaThread "Process Messages" [_thread_blocked, id=10892, stack(0x0000004daa400000,0x0000004daa900000)]
  0x0000019bf06a0800 JavaThread "Thread-1" [_thread_in_native, id=13444, stack(0x0000004da2d00000,0x0000004da4100000)]
=>0x0000019b916db800 JavaThread "AWT-EventQueue-0" [_thread_in_native, id=8112, stack(0x0000004da9a00000,0x0000004da9f00000)]
  0x0000019b916da000 JavaThread "AWT-Shutdown" [_thread_blocked, id=14116, stack(0x0000004da9500000,0x0000004da9a00000)]
  0x0000019b914bb800 JavaThread "TimerQueue" daemon [_thread_blocked, id=8928, stack(0x0000004da8600000,0x0000004da8b00000)]
  0x0000019bf032c000 JavaThread "AWT-Windows" daemon [_thread_in_native, id=8244, stack(0x0000004da8b00000,0x0000004da9000000)]
  0x0000019bf037b000 JavaThread "Java2D Disposer" daemon [_thread_blocked, id=8252, stack(0x0000004da8100000,0x0000004da8600000)]
  0x0000019beab9e000 JavaThread "Service Thread" daemon [_thread_blocked, id=8260, stack(0x0000004da7b00000,0x0000004da8000000)]
  0x0000019bec4a9000 JavaThread "Common-Cleaner" daemon [_thread_blocked, id=8288, stack(0x0000004da7600000,0x0000004da7b00000)]
  0x0000019bebd2e800 JavaThread "Sweeper thread" daemon [_thread_blocked, id=13160, stack(0x0000004da7100000,0x0000004da7600000)]
  0x0000019bec828800 JavaThread "C1 CompilerThread3" daemon [_thread_blocked, id=12692, stack(0x0000004da7000000,0x0000004da7100000)]
  0x0000019bee9e0000 JavaThread "C2 CompilerThread2" daemon [_thread_blocked, id=12220, stack(0x0000004da6f00000,0x0000004da7000000)]
  0x0000019bebecb000 JavaThread "C2 CompilerThread1" daemon [_thread_blocked, id=5616, stack(0x0000004da6e00000,0x0000004da6f00000)]
  0x0000019bebeca800 JavaThread "C2 CompilerThread0" daemon [_thread_blocked, id=10812, stack(0x0000004da6d00000,0x0000004da6e00000)]
  0x0000019bebf43000 JavaThread "Attach Listener" daemon [_thread_blocked, id=10564, stack(0x0000004da6800000,0x0000004da6d00000)]
  0x0000019bee72d800 JavaThread "Signal Dispatcher" daemon [_thread_blocked, id=4988, stack(0x0000004da6300000,0x0000004da6800000)]
  0x0000019bec5f9000 JavaThread "Finalizer" daemon [_thread_blocked, id=11888, stack(0x0000004da5e00000,0x0000004da6300000)]
  0x0000019bec5f8800 JavaThread "Reference Handler" daemon [_thread_blocked, id=2560, stack(0x0000004da5900000,0x0000004da5e00000)]
  0x0000019bebab0000 JavaThread "main" [_thread_blocked, id=3204, stack(0x0000004da4300000,0x0000004da4400000)]

Other Threads:
  0x0000019bea705800 VMThread "VM Thread" [stack: 0x0000004da5800000,0x0000004da5900000] [id=2292]
  0x0000019bee43c000 WatcherThread [stack: 0x0000004da8000000,0x0000004da8100000] [id=8264]
  0x0000019bedaa5800 GCTaskThread "GC Thread#0" [stack: 0x0000004da4400000,0x0000004da4500000] [id=13144]
  0x0000019bedaa6000 GCTaskThread "GC Thread#1" [stack: 0x0000004da4500000,0x0000004da4600000] [id=15356]
  0x0000019bec88d800 GCTaskThread "GC Thread#2" [stack: 0x0000004da4600000,0x0000004da4700000] [id=5268]
  0x0000019bec548800 GCTaskThread "GC Thread#3" [stack: 0x0000004da4700000,0x0000004da4800000] [id=8408]
  0x0000019bebd32800 GCTaskThread "GC Thread#4" [stack: 0x0000004da4800000,0x0000004da4900000] [id=10216]
  0x0000019bebd33000 GCTaskThread "GC Thread#5" [stack: 0x0000004da4900000,0x0000004da4a00000] [id=13964]
  0x0000019bed87d800 GCTaskThread "GC Thread#6" [stack: 0x0000004da4a00000,0x0000004da4b00000] [id=2192]
  0x0000019bea3f1800 GCTaskThread "GC Thread#7" [stack: 0x0000004da4b00000,0x0000004da4c00000] [id=12720]
  0x0000019beba4c800 ConcurrentGCThread "G1 Main Marker" [stack: 0x0000004da5500000,0x0000004da5600000] [id=2012]
  0x0000019beab92800 ConcurrentGCThread "G1 Marker#0" [stack: 0x0000004da5600000,0x0000004da5700000] [id=14388]
  0x0000019beab93000 ConcurrentGCThread "G1 Marker#1" [stack: 0x0000004da5700000,0x0000004da5800000] [id=1452]
  0x0000019bebcac000 ConcurrentGCThread "G1 Refine#0" [stack: 0x0000004da5300000,0x0000004da5400000] [id=5468]
  0x0000019bebcab800 ConcurrentGCThread "G1 Refine#1" [stack: 0x0000004da5200000,0x0000004da5300000] [id=14172]
  0x0000019bea676000 ConcurrentGCThread "G1 Refine#2" [stack: 0x0000004da5100000,0x0000004da5200000] [id=2988]
  0x0000019bea675800 ConcurrentGCThread "G1 Refine#3" [stack: 0x0000004da5000000,0x0000004da5100000] [id=14176]
  0x0000019bea63d000 ConcurrentGCThread "G1 Refine#4" [stack: 0x0000004da4f00000,0x0000004da5000000] [id=15340]
  0x0000019bea63c800 ConcurrentGCThread "G1 Refine#5" [stack: 0x0000004da4e00000,0x0000004da4f00000] [id=6304]
  0x0000019beeb6a800 ConcurrentGCThread "G1 Refine#6" [stack: 0x0000004da4d00000,0x0000004da4e00000] [id=14396]
  0x0000019bea451000 ConcurrentGCThread "G1 Refine#7" [stack: 0x0000004da4c00000,0x0000004da4d00000] [id=6140]
  0x0000019bea70a800 ConcurrentGCThread "G1 Young RemSet Sampling" [stack: 0x0000004da5400000,0x0000004da5500000] [id=8212]

Threads with active compile tasks:

VM state:not at safepoint (normal execution)

VM Mutex/Monitor currently owned by a thread: None

Heap address: 0x0000000700000000, size: 3072 MB, Compressed Oops mode: Zero based, Oop shift amount: 3
Narrow klass base: 0x0000000000000000, Narrow klass shift: 3
Compressed class space size: 1073741824 Address: 0x00000007c0000000

Heap:
 garbage-first heap   total 133120K, used 79918K [0x0000000700000000, 0x0000000700100410, 0x00000007c0000000)
  region size 1024K, 13 young (13312K), 1 survivors (1024K)
 Metaspace       used 79287K, capacity 84688K, committed 84992K, reserved 1122304K
  class space    used 10726K, capacity 11668K, committed 11776K, reserved 1048576K
Heap Regions: E=young(eden), S=young(survivor), O=old, HS=humongous(starts), HC=humongous(continues), CS=collection set, F=free, A=archive, TS=gc time stamp, AC=allocation context, TAMS=top-at-mark-start (previous, next)
|   0|0x0000000700000000, 0x0000000700100000, 0x0000000700100000|100%|HS|  |TS  0|AC  0|TAMS 0x0000000700100000, 0x0000000700100000|
|   1|0x0000000700100000, 0x0000000700200000, 0x0000000700200000|100%|HS|  |TS  0|AC  0|TAMS 0x0000000700200000, 0x0000000700200000|
|   2|0x0000000700200000, 0x0000000700300000, 0x0000000700300000|100%|HC|  |TS  0|AC  0|TAMS 0x0000000700300000, 0x0000000700300000|
|   3|0x0000000700300000, 0x0000000700400000, 0x0000000700400000|100%|HS|  |TS  0|AC  0|TAMS 0x0000000700400000, 0x0000000700400000|
|   4|0x0000000700400000, 0x00000007004ffff0, 0x0000000700500000| 99%| O|  |TS  0|AC  0|TAMS 0x00000007004ffff0, 0x00000007004ffff0|
|   5|0x0000000700500000, 0x00000007005ffff0, 0x0000000700600000| 99%| O|  |TS  0|AC  0|TAMS 0x00000007005ffff0, 0x00000007005ffff0|
|   6|0x0000000700600000, 0x00000007006fffc0, 0x0000000700700000| 99%| O|  |TS  0|AC  0|TAMS 0x00000007006fffc0, 0x00000007006fffc0|
|   7|0x0000000700700000, 0x00000007007ffdb8, 0x0000000700800000| 99%| O|  |TS  0|AC  0|TAMS 0x00000007007ffdb8, 0x00000007007ffdb8|
|   8|0x0000000700800000, 0x0000000700900000, 0x0000000700900000|100%| O|  |TS  0|AC  0|TAMS 0x0000000700900000, 0x0000000700900000|
|   9|0x0000000700900000, 0x00000007009f6ab0, 0x0000000700a00000| 96%| O|  |TS  0|AC  0|TAMS 0x00000007009f6ab0, 0x00000007009f6ab0|
|  10|0x0000000700a00000, 0x0000000700ad9268, 0x0000000700b00000| 84%| O|  |TS  0|AC  0|TAMS 0x0000000700ad9268, 0x0000000700ad9268|
|  11|0x0000000700b00000, 0x0000000700bf87c0, 0x0000000700c00000| 97%| O|  |TS  0|AC  0|TAMS 0x0000000700bf87c0, 0x0000000700bf87c0|
|  12|0x0000000700c00000, 0x0000000700cfd808, 0x0000000700d00000| 99%| O|  |TS  0|AC  0|TAMS 0x0000000700cfd808, 0x0000000700cfd808|
|  13|0x0000000700d00000, 0x0000000700dfdf80, 0x0000000700e00000| 99%| O|  |TS  0|AC  0|TAMS 0x0000000700dfdf80, 0x0000000700dfdf80|
|  14|0x0000000700e00000, 0x0000000700ecc7e8, 0x0000000700f00000| 79%| O|  |TS  0|AC  0|TAMS 0x0000000700ecc7e8, 0x0000000700ecc7e8|
|  15|0x0000000700f00000, 0x0000000700ff0980, 0x0000000701000000| 93%| O|  |TS  0|AC  0|TAMS 0x0000000700ff0980, 0x0000000700ff0980|
|  16|0x0000000701000000, 0x0000000701100000, 0x0000000701100000|100%| O|  |TS  0|AC  0|TAMS 0x0000000701100000, 0x0000000701100000|
|  17|0x0000000701100000, 0x00000007011ffff0, 0x0000000701200000| 99%| O|  |TS  0|AC  0|TAMS 0x00000007011ffff0, 0x00000007011ffff0|
|  18|0x0000000701200000, 0x00000007012ffd78, 0x0000000701300000| 99%| O|  |TS  0|AC  0|TAMS 0x00000007012ffd78, 0x00000007012ffd78|
|  19|0x0000000701300000, 0x0000000701400000, 0x0000000701400000|100%| O|  |TS  0|AC  0|TAMS 0x0000000701400000, 0x0000000701400000|
|  20|0x0000000701400000, 0x0000000701500000, 0x0000000701500000|100%| O|  |TS  0|AC  0|TAMS 0x0000000701500000, 0x0000000701500000|
|  21|0x0000000701500000, 0x00000007015fffe0, 0x0000000701600000| 99%| O|  |TS  0|AC  0|TAMS 0x00000007015fffe0, 0x00000007015fffe0|
|  22|0x0000000701600000, 0x00000007016ffd50, 0x0000000701700000| 99%| O|  |TS  0|AC  0|TAMS 0x00000007016ffd50, 0x00000007016ffd50|
|  23|0x0000000701700000, 0x00000007017fffe8, 0x0000000701800000| 99%| O|  |TS  0|AC  0|TAMS 0x00000007017fffe8, 0x00000007017fffe8|
|  24|0x0000000701800000, 0x0000000701900000, 0x0000000701900000|100%| O|  |TS  0|AC  0|TAMS 0x0000000701900000, 0x0000000701900000|
|  25|0x0000000701900000, 0x00000007019ffff8, 0x0000000701a00000| 99%| O|  |TS  0|AC  0|TAMS 0x00000007019ffff8, 0x00000007019ffff8|
|  26|0x0000000701a00000, 0x0000000701affff8, 0x0000000701b00000| 99%| O|  |TS  0|AC  0|TAMS 0x0000000701affff8, 0x0000000701affff8|
|  27|0x0000000701b00000, 0x0000000701bfffe8, 0x0000000701c00000| 99%| O|  |TS  0|AC  0|TAMS 0x0000000701bfffe8, 0x0000000701bfffe8|
|  28|0x0000000701c00000, 0x0000000701cfff08, 0x0000000701d00000| 99%| O|  |TS  0|AC  0|TAMS 0x0000000701cfff08, 0x0000000701cfff08|
|  29|0x0000000701d00000, 0x0000000701dfffe0, 0x0000000701e00000| 99%| O|  |TS  0|AC  0|TAMS 0x0000000701dfffe0, 0x0000000701dfffe0|
|  30|0x0000000701e00000, 0x0000000701effff8, 0x0000000701f00000| 99%| O|  |TS  0|AC  0|TAMS 0x0000000701effff8, 0x0000000701effff8|
|  31|0x0000000701f00000, 0x0000000701ffff48, 0x0000000702000000| 99%| O|  |TS  0|AC  0|TAMS 0x0000000701ffff48, 0x0000000701ffff48|
|  32|0x0000000702000000, 0x00000007020ffff8, 0x0000000702100000| 99%| O|  |TS  0|AC  0|TAMS 0x00000007020ffff8, 0x00000007020ffff8|
|  33|0x0000000702100000, 0x00000007021a7020, 0x0000000702200000| 65%| O|  |TS  0|AC  0|TAMS 0x00000007021a7020, 0x00000007021a7020|
|  34|0x0000000702200000, 0x00000007022c07e8, 0x0000000702300000| 75%| O|  |TS  0|AC  0|TAMS 0x00000007022c07e8, 0x00000007022c07e8|
|  35|0x0000000702300000, 0x00000007023fe858, 0x0000000702400000| 99%| O|  |TS  0|AC  0|TAMS 0x00000007023fe858, 0x00000007023fe858|
|  36|0x0000000702400000, 0x00000007024fe100, 0x0000000702500000| 99%| O|  |TS  0|AC  0|TAMS 0x00000007024fe100, 0x00000007024fe100|
|  37|0x0000000702500000, 0x00000007025fffd8, 0x0000000702600000| 99%| O|  |TS  0|AC  0|TAMS 0x00000007025fffd8, 0x00000007025fffd8|
|  38|0x0000000702600000, 0x00000007026fffe0, 0x0000000702700000| 99%| O|  |TS  0|AC  0|TAMS 0x00000007026fffe0, 0x00000007026fffe0|
|  39|0x0000000702700000, 0x0000000702800000, 0x0000000702800000|100%| O|  |TS  0|AC  0|TAMS 0x0000000702800000, 0x0000000702800000|
|  40|0x0000000702800000, 0x0000000702900000, 0x0000000702900000|100%|HS|  |TS  0|AC  0|TAMS 0x0000000702900000, 0x0000000702900000|
|  41|0x0000000702900000, 0x0000000702a00000, 0x0000000702a00000|100%|HC|  |TS  0|AC  0|TAMS 0x0000000702a00000, 0x0000000702a00000|
|  42|0x0000000702a00000, 0x0000000702b00000, 0x0000000702b00000|100%|HC|  |TS  0|AC  0|TAMS 0x0000000702b00000, 0x0000000702b00000|
|  43|0x0000000702b00000, 0x0000000702c00000, 0x0000000702c00000|100%|HC|  |TS  0|AC  0|TAMS 0x0000000702c00000, 0x0000000702c00000|
|  44|0x0000000702c00000, 0x0000000702d00000, 0x0000000702d00000|100%|HC|  |TS  0|AC  0|TAMS 0x0000000702d00000, 0x0000000702d00000|
|  45|0x0000000702d00000, 0x0000000702e00000, 0x0000000702e00000|100%|HC|  |TS  0|AC  0|TAMS 0x0000000702e00000, 0x0000000702e00000|
|  46|0x0000000702e00000, 0x0000000702f00000, 0x0000000702f00000|100%|HC|  |TS  0|AC  0|TAMS 0x0000000702f00000, 0x0000000702f00000|
|  47|0x0000000702f00000, 0x0000000703000000, 0x0000000703000000|100%|HC|  |TS  0|AC  0|TAMS 0x0000000703000000, 0x0000000703000000|
|  48|0x0000000703000000, 0x00000007030ffff8, 0x0000000703100000| 99%| O|  |TS  0|AC  0|TAMS 0x00000007030ffff8, 0x00000007030ffff8|
|  49|0x0000000703100000, 0x00000007031ffff0, 0x0000000703200000| 99%| O|  |TS  0|AC  0|TAMS 0x00000007031ffff0, 0x00000007031ffff0|
|  50|0x0000000703200000, 0x00000007032ffff8, 0x0000000703300000| 99%| O|  |TS  0|AC  0|TAMS 0x00000007032ffff8, 0x00000007032ffff8|
|  51|0x0000000703300000, 0x00000007033fffb8, 0x0000000703400000| 99%| O|  |TS  0|AC  0|TAMS 0x00000007033fffb8, 0x00000007033fffb8|
|  52|0x0000000703400000, 0x00000007034ffee8, 0x0000000703500000| 99%| O|  |TS  0|AC  0|TAMS 0x00000007034ffee8, 0x00000007034ffee8|
|  53|0x0000000703500000, 0x00000007035ffff8, 0x0000000703600000| 99%| O|  |TS  0|AC  0|TAMS 0x00000007035ffff8, 0x00000007035ffff8|
|  54|0x0000000703600000, 0x0000000703700000, 0x0000000703700000|100%| O|  |TS  0|AC  0|TAMS 0x0000000703700000, 0x0000000703700000|
|  55|0x0000000703700000, 0x00000007037fffe0, 0x0000000703800000| 99%| O|  |TS  0|AC  0|TAMS 0x00000007037fffe0, 0x00000007037fffe0|
|  56|0x0000000703800000, 0x00000007038fff80, 0x0000000703900000| 99%| O|  |TS  0|AC  0|TAMS 0x00000007038fff80, 0x00000007038fff80|
|  57|0x0000000703900000, 0x0000000703a00000, 0x0000000703a00000|100%| O|  |TS  0|AC  0|TAMS 0x0000000703a00000, 0x0000000703a00000|
|  58|0x0000000703a00000, 0x0000000703afff50, 0x0000000703b00000| 99%| O|  |TS  0|AC  0|TAMS 0x0000000703afff50, 0x0000000703afff50|
|  59|0x0000000703b00000, 0x0000000703bff350, 0x0000000703c00000| 99%| O|  |TS  0|AC  0|TAMS 0x0000000703bff350, 0x0000000703bff350|
|  60|0x0000000703c00000, 0x0000000703cfffb8, 0x0000000703d00000| 99%| O|  |TS  0|AC  0|TAMS 0x0000000703cfffb8, 0x0000000703cfffb8|
|  61|0x0000000703d00000, 0x0000000703e00000, 0x0000000703e00000|100%| O|  |TS  0|AC  0|TAMS 0x0000000703e00000, 0x0000000703e00000|
|  62|0x0000000703e00000, 0x0000000703f00000, 0x0000000703f00000|100%| O|  |TS  0|AC  0|TAMS 0x0000000703f00000, 0x0000000703f00000|
|  63|0x0000000703f00000, 0x0000000703f40510, 0x0000000704000000| 25%| O|  |TS  0|AC  0|TAMS 0x0000000703f40510, 0x0000000703f40510|
|  64|0x0000000704000000, 0x0000000704000000, 0x0000000704100000|  0%| F|  |TS  0|AC  0|TAMS 0x0000000704000000, 0x0000000704000000|
|  65|0x0000000704100000, 0x00000007041e7e48, 0x0000000704200000| 90%| S|CS|TS  0|AC  0|TAMS 0x0000000704100000, 0x0000000704100000|
|  66|0x0000000704200000, 0x0000000704200000, 0x0000000704300000|  0%| F|  |TS  0|AC  0|TAMS 0x0000000704200000, 0x0000000704200000|
|  67|0x0000000704300000, 0x0000000704300000, 0x0000000704400000|  0%| F|  |TS  0|AC  0|TAMS 0x0000000704300000, 0x0000000704300000|
|  68|0x0000000704400000, 0x0000000704400000, 0x0000000704500000|  0%| F|  |TS  0|AC  0|TAMS 0x0000000704400000, 0x0000000704400000|
|  69|0x0000000704500000, 0x0000000704500000, 0x0000000704600000|  0%| F|  |TS  0|AC  0|TAMS 0x0000000704500000, 0x0000000704500000|
|  70|0x0000000704600000, 0x0000000704600000, 0x0000000704700000|  0%| F|  |TS  0|AC  0|TAMS 0x0000000704600000, 0x0000000704600000|
|  71|0x0000000704700000, 0x0000000704700000, 0x0000000704800000|  0%| F|  |TS  0|AC  0|TAMS 0x0000000704700000, 0x0000000704700000|
|  72|0x0000000704800000, 0x0000000704800000, 0x0000000704900000|  0%| F|  |TS  0|AC  0|TAMS 0x0000000704800000, 0x0000000704800000|
|  73|0x0000000704900000, 0x0000000704900000, 0x0000000704a00000|  0%| F|  |TS  0|AC  0|TAMS 0x0000000704900000, 0x0000000704900000|
|  74|0x0000000704a00000, 0x0000000704a00000, 0x0000000704b00000|  0%| F|  |TS  0|AC  0|TAMS 0x0000000704a00000, 0x0000000704a00000|
|  75|0x0000000704b00000, 0x0000000704b00000, 0x0000000704c00000|  0%| F|  |TS  0|AC  0|TAMS 0x0000000704b00000, 0x0000000704b00000|
|  76|0x0000000704c00000, 0x0000000704d00000, 0x0000000704d00000|100%|HS|  |TS  0|AC  0|TAMS 0x0000000704d00000, 0x0000000704d00000|
|  77|0x0000000704d00000, 0x0000000704e00000, 0x0000000704e00000|100%|HC|  |TS  0|AC  0|TAMS 0x0000000704e00000, 0x0000000704e00000|
|  78|0x0000000704e00000, 0x0000000704f00000, 0x0000000704f00000|100%|HC|  |TS  0|AC  0|TAMS 0x0000000704f00000, 0x0000000704f00000|
|  79|0x0000000704f00000, 0x0000000705000000, 0x0000000705000000|100%|HC|  |TS  0|AC  0|TAMS 0x0000000705000000, 0x0000000705000000|
|  80|0x0000000705000000, 0x0000000705000000, 0x0000000705100000|  0%| F|  |TS  0|AC  0|TAMS 0x0000000705000000, 0x0000000705000000|
|  81|0x0000000705100000, 0x0000000705100000, 0x0000000705200000|  0%| F|  |TS  0|AC  0|TAMS 0x0000000705100000, 0x0000000705100000|
|  82|0x0000000705200000, 0x0000000705200000, 0x0000000705300000|  0%| F|  |TS  0|AC  0|TAMS 0x0000000705200000, 0x0000000705200000|
|  83|0x0000000705300000, 0x0000000705300000, 0x0000000705400000|  0%| F|  |TS  0|AC  0|TAMS 0x0000000705300000, 0x0000000705300000|
|  84|0x0000000705400000, 0x0000000705400000, 0x0000000705500000|  0%| F|  |TS  0|AC  0|TAMS 0x0000000705400000, 0x0000000705400000|
|  85|0x0000000705500000, 0x0000000705500000, 0x0000000705600000|  0%| F|  |TS  0|AC  0|TAMS 0x0000000705500000, 0x0000000705500000|
|  86|0x0000000705600000, 0x0000000705600000, 0x0000000705700000|  0%| F|  |TS  0|AC  0|TAMS 0x0000000705600000, 0x0000000705600000|
|  87|0x0000000705700000, 0x0000000705700000, 0x0000000705800000|  0%| F|  |TS  0|AC  0|TAMS 0x0000000705700000, 0x0000000705700000|
|  88|0x0000000705800000, 0x0000000705800000, 0x0000000705900000|  0%| F|  |TS  0|AC  0|TAMS 0x0000000705800000, 0x0000000705800000|
|  89|0x0000000705900000, 0x0000000705900000, 0x0000000705a00000|  0%| F|  |TS  0|AC  0|TAMS 0x0000000705900000, 0x0000000705900000|
|  90|0x0000000705a00000, 0x0000000705a00000, 0x0000000705b00000|  0%| F|  |TS  0|AC  0|TAMS 0x0000000705a00000, 0x0000000705a00000|
|  91|0x0000000705b00000, 0x0000000705b00000, 0x0000000705c00000|  0%| F|  |TS  0|AC  0|TAMS 0x0000000705b00000, 0x0000000705b00000|
|  92|0x0000000705c00000, 0x0000000705c00000, 0x0000000705d00000|  0%| F|  |TS  0|AC  0|TAMS 0x0000000705c00000, 0x0000000705c00000|
|  93|0x0000000705d00000, 0x0000000705d00000, 0x0000000705e00000|  0%| F|  |TS  0|AC  0|TAMS 0x0000000705d00000, 0x0000000705d00000|
|  94|0x0000000705e00000, 0x0000000705e00000, 0x0000000705f00000|  0%| F|  |TS  0|AC  0|TAMS 0x0000000705e00000, 0x0000000705e00000|
|  95|0x0000000705f00000, 0x0000000705f00000, 0x0000000706000000|  0%| F|  |TS  0|AC  0|TAMS 0x0000000705f00000, 0x0000000705f00000|
|  96|0x0000000706000000, 0x0000000706000000, 0x0000000706100000|  0%| F|  |TS  0|AC  0|TAMS 0x0000000706000000, 0x0000000706000000|
|  97|0x0000000706100000, 0x0000000706100000, 0x0000000706200000|  0%| F|  |TS  0|AC  0|TAMS 0x0000000706100000, 0x0000000706100000|
|  98|0x0000000706200000, 0x0000000706200000, 0x0000000706300000|  0%| F|  |TS  0|AC  0|TAMS 0x0000000706200000, 0x0000000706200000|
|  99|0x0000000706300000, 0x0000000706300000, 0x0000000706400000|  0%| F|  |TS  0|AC  0|TAMS 0x0000000706300000, 0x0000000706300000|
| 100|0x0000000706400000, 0x0000000706400000, 0x0000000706500000|  0%| F|  |TS  0|AC  0|TAMS 0x0000000706400000, 0x0000000706400000|
| 101|0x0000000706500000, 0x0000000706500000, 0x0000000706600000|  0%| F|  |TS  0|AC  0|TAMS 0x0000000706500000, 0x0000000706500000|
| 102|0x0000000706600000, 0x0000000706600000, 0x0000000706700000|  0%| F|  |TS  0|AC  0|TAMS 0x0000000706600000, 0x0000000706600000|
| 103|0x0000000706700000, 0x0000000706700000, 0x0000000706800000|  0%| F|  |TS  0|AC  0|TAMS 0x0000000706700000, 0x0000000706700000|
| 104|0x0000000706800000, 0x0000000706800000, 0x0000000706900000|  0%| F|  |TS  0|AC  0|TAMS 0x0000000706800000, 0x0000000706800000|
| 105|0x0000000706900000, 0x0000000706900000, 0x0000000706a00000|  0%| F|  |TS  0|AC  0|TAMS 0x0000000706900000, 0x0000000706900000|
| 106|0x0000000706a00000, 0x0000000706a00000, 0x0000000706b00000|  0%| F|  |TS  0|AC  0|TAMS 0x0000000706a00000, 0x0000000706a00000|
| 107|0x0000000706b00000, 0x0000000706b00000, 0x0000000706c00000|  0%| F|  |TS  0|AC  0|TAMS 0x0000000706b00000, 0x0000000706b00000|
| 108|0x0000000706c00000, 0x0000000706c00000, 0x0000000706d00000|  0%| F|  |TS  0|AC  0|TAMS 0x0000000706c00000, 0x0000000706c00000|
| 109|0x0000000706d00000, 0x0000000706d00000, 0x0000000706e00000|  0%| F|  |TS  0|AC  0|TAMS 0x0000000706d00000, 0x0000000706d00000|
| 110|0x0000000706e00000, 0x0000000706e00000, 0x0000000706f00000|  0%| F|  |TS  0|AC  0|TAMS 0x0000000706e00000, 0x0000000706e00000|
| 111|0x0000000706f00000, 0x0000000706f00000, 0x0000000707000000|  0%| F|  |TS  0|AC  0|TAMS 0x0000000706f00000, 0x0000000706f00000|
| 112|0x0000000707000000, 0x0000000707000000, 0x0000000707100000|  0%| F|  |TS  0|AC  0|TAMS 0x0000000707000000, 0x0000000707000000|
| 113|0x0000000707100000, 0x0000000707100000, 0x0000000707200000|  0%| F|  |TS  0|AC  0|TAMS 0x0000000707100000, 0x0000000707100000|
| 114|0x0000000707200000, 0x0000000707200000, 0x0000000707300000|  0%| F|  |TS  0|AC  0|TAMS 0x0000000707200000, 0x0000000707200000|
| 115|0x0000000707300000, 0x0000000707300000, 0x0000000707400000|  0%| F|  |TS  0|AC  0|TAMS 0x0000000707300000, 0x0000000707300000|
| 116|0x0000000707400000, 0x0000000707400000, 0x0000000707500000|  0%| F|  |TS  0|AC  0|TAMS 0x0000000707400000, 0x0000000707400000|
| 117|0x0000000707500000, 0x0000000707500000, 0x0000000707600000|  0%| F|  |TS  0|AC  0|TAMS 0x0000000707500000, 0x0000000707500000|
| 118|0x0000000707600000, 0x00000007076361e0, 0x0000000707700000| 21%| E|  |TS  0|AC  0|TAMS 0x0000000707600000, 0x0000000707600000|
| 119|0x0000000707700000, 0x0000000707800000, 0x0000000707800000|100%| E|CS|TS  0|AC  0|TAMS 0x0000000707700000, 0x0000000707700000|
| 120|0x0000000707800000, 0x0000000707900000, 0x0000000707900000|100%| E|CS|TS  0|AC  0|TAMS 0x0000000707800000, 0x0000000707800000|
| 121|0x0000000707900000, 0x0000000707a00000, 0x0000000707a00000|100%| E|CS|TS  0|AC  0|TAMS 0x0000000707900000, 0x0000000707900000|
| 122|0x0000000707a00000, 0x0000000707b00000, 0x0000000707b00000|100%| E|CS|TS  0|AC  0|TAMS 0x0000000707a00000, 0x0000000707a00000|
| 123|0x0000000707b00000, 0x0000000707c00000, 0x0000000707c00000|100%| E|CS|TS  0|AC  0|TAMS 0x0000000707b00000, 0x0000000707b00000|
| 124|0x0000000707c00000, 0x0000000707d00000, 0x0000000707d00000|100%| E|CS|TS  0|AC  0|TAMS 0x0000000707c00000, 0x0000000707c00000|
| 125|0x0000000707d00000, 0x0000000707e00000, 0x0000000707e00000|100%| E|CS|TS  0|AC  0|TAMS 0x0000000707d00000, 0x0000000707d00000|
| 126|0x0000000707e00000, 0x0000000707f00000, 0x0000000707f00000|100%| E|CS|TS  0|AC  0|TAMS 0x0000000707e00000, 0x0000000707e00000|
| 127|0x0000000707f00000, 0x0000000708000000, 0x0000000708000000|100%| E|CS|TS  0|AC  0|TAMS 0x0000000707f00000, 0x0000000707f00000|
| 128|0x0000000708000000, 0x0000000708100000, 0x0000000708100000|100%| E|CS|TS  0|AC  0|TAMS 0x0000000708000000, 0x0000000708000000|
| 129|0x0000000708100000, 0x0000000708200000, 0x0000000708200000|100%| E|CS|TS  0|AC  0|TAMS 0x0000000708100000, 0x0000000708100000|

Card table byte_map: [0x0000019bf8190000,0x0000019bf8790000] byte_map_base: 0x0000019bf4990000

Marking Bits (Prev, Next): (CMBitMap*) 0x0000019bea70b7b0, (CMBitMap*) 0x0000019bea70b7e8
 Prev Bits: [0x0000019bf8d90000, 0x0000019bfbd90000)
 Next Bits: [0x0000019bfbd90000, 0x0000019bfed90000)

Polling page: 0x0000019be6d40000

CodeHeap 'non-profiled nmethods': size=120000Kb used=22527Kb max_used=22662Kb free=97472Kb
 bounds [0x0000019b87ad0000, 0x0000019b89110000, 0x0000019b8f000000]
CodeHeap 'profiled nmethods': size=120000Kb used=39564Kb max_used=41205Kb free=80435Kb
 bounds [0x0000019b805a0000, 0x0000019b82e20000, 0x0000019b87ad0000]
CodeHeap 'non-nmethods': size=5760Kb used=1726Kb max_used=1817Kb free=4033Kb
 bounds [0x0000019b80000000, 0x0000019b80270000, 0x0000019b805a0000]
 total_blobs=29986 nmethods=16209 adapters=1032
 compilation: enabled

Compilation events (10 events):
Event: 1864.161 Thread 0x0000019bec828800 20456       3       de.javasoft.plaf.synthetica.styles.StyleWrapper::getInt (56 bytes)
Event: 1864.162 Thread 0x0000019bec828800 nmethod 20456 0x0000019b80dd3810 code [0x0000019b80dd3aa0, 0x0000019b80dd47b0]
Event: 1864.169 Thread 0x0000019bee9e0000 20457       4       javax.swing.text.Utilities::drawTabbedText (423 bytes)
Event: 1864.178 Thread 0x0000019bee9e0000 nmethod 20457 0x0000019b885c4c10 code [0x0000019b885c4de0, 0x0000019b885c53f8]
Event: 1864.245 Thread 0x0000019bebeca800 20458       4       javax.swing.plaf.basic.BasicMenuItemUI::updateAcceleratorBinding (56 bytes)
Event: 1864.247 Thread 0x0000019bebecb000 20459       4       de.javasoft.plaf.synthetica.styles.PopupMenuStyle::getStyle (69 bytes)
Event: 1864.253 Thread 0x0000019bebecb000 nmethod 20459 0x0000019b885c4290 code [0x0000019b885c4480, 0x0000019b885c48b0]
Event: 1864.376 Thread 0x0000019bebeca800 nmethod 20458 0x0000019b887d4210 code [0x0000019b887d4620, 0x0000019b887d8eb0]
Event: 1865.708 Thread 0x0000019bec828800 20460       3       de.javasoft.synthetica.plain.GraphicsUtils::paintText (387 bytes)
Event: 1865.710 Thread 0x0000019bec828800 nmethod 20460 0x0000019b80ebc510 code [0x0000019b80ebc840, 0x0000019b80ebe580]

GC Heap History (10 events):
Event: 1839.531 GC heap before
{Heap before GC invocations=270 (full 40):
 garbage-first heap   total 133120K, used 128666K [0x0000000700000000, 0x0000000700100410, 0x00000007c0000000)
  region size 1024K, 60 young (61440K), 1 survivors (1024K)
 Metaspace       used 79213K, capacity 84624K, committed 84736K, reserved 1122304K
  class space    used 10719K, capacity 11668K, committed 11776K, reserved 1048576K
}
Event: 1839.533 GC heap after
{Heap after GC invocations=271 (full 40):
 garbage-first heap   total 133120K, used 68242K [0x0000000700000000, 0x0000000700100410, 0x00000007c0000000)
  region size 1024K, 1 young (1024K), 1 survivors (1024K)
 Metaspace       used 79213K, capacity 84624K, committed 84736K, reserved 1122304K
  class space    used 10719K, capacity 11668K, committed 11776K, reserved 1048576K
}
Event: 1839.843 GC heap before
{Heap before GC invocations=272 (full 40):
 garbage-first heap   total 133120K, used 128658K [0x0000000700000000, 0x0000000700100410, 0x00000007c0000000)
  region size 1024K, 60 young (61440K), 1 survivors (1024K)
 Metaspace       used 79223K, capacity 84624K, committed 84736K, reserved 1122304K
  class space    used 10719K, capacity 11668K, committed 11776K, reserved 1048576K
}
Event: 1839.845 GC heap after
{Heap after GC invocations=273 (full 40):
 garbage-first heap   total 133120K, used 68325K [0x0000000700000000, 0x0000000700100410, 0x00000007c0000000)
  region size 1024K, 1 young (1024K), 1 survivors (1024K)
 Metaspace       used 79223K, capacity 84624K, committed 84736K, reserved 1122304K
  class space    used 10719K, capacity 11668K, committed 11776K, reserved 1048576K
}
Event: 1840.929 GC heap before
{Heap before GC invocations=273 (full 40):
 garbage-first heap   total 133120K, used 128741K [0x0000000700000000, 0x0000000700100410, 0x00000007c0000000)
  region size 1024K, 60 young (61440K), 1 survivors (1024K)
 Metaspace       used 79230K, capacity 84624K, committed 84736K, reserved 1122304K
  class space    used 10719K, capacity 11668K, committed 11776K, reserved 1048576K
}
Event: 1840.934 GC heap after
{Heap after GC invocations=274 (full 40):
 garbage-first heap   total 133120K, used 68557K [0x0000000700000000, 0x0000000700100410, 0x00000007c0000000)
  region size 1024K, 1 young (1024K), 1 survivors (1024K)
 Metaspace       used 79230K, capacity 84624K, committed 84736K, reserved 1122304K
  class space    used 10719K, capacity 11668K, committed 11776K, reserved 1048576K
}
Event: 1845.927 GC heap before
{Heap before GC invocations=275 (full 40):
 garbage-first heap   total 133120K, used 128973K [0x0000000700000000, 0x0000000700100410, 0x00000007c0000000)
  region size 1024K, 60 young (61440K), 1 survivors (1024K)
 Metaspace       used 79275K, capacity 84688K, committed 84992K, reserved 1122304K
  class space    used 10726K, capacity 11668K, committed 11776K, reserved 1048576K
}
Event: 1845.934 GC heap after
{Heap after GC invocations=276 (full 40):
 garbage-first heap   total 133120K, used 68564K [0x0000000700000000, 0x0000000700100410, 0x00000007c0000000)
  region size 1024K, 1 young (1024K), 1 survivors (1024K)
 Metaspace       used 79275K, capacity 84688K, committed 84992K, reserved 1122304K
  class space    used 10726K, capacity 11668K, committed 11776K, reserved 1048576K
}
Event: 1864.262 GC heap before
{Heap before GC invocations=276 (full 40):
 garbage-first heap   total 133120K, used 128980K [0x0000000700000000, 0x0000000700100410, 0x00000007c0000000)
  region size 1024K, 60 young (61440K), 1 survivors (1024K)
 Metaspace       used 79286K, capacity 84688K, committed 84992K, reserved 1122304K
  class space    used 10726K, capacity 11668K, committed 11776K, reserved 1048576K
}
Event: 1864.265 GC heap after
{Heap after GC invocations=277 (full 40):
 garbage-first heap   total 133120K, used 68654K [0x0000000700000000, 0x0000000700100410, 0x00000007c0000000)
  region size 1024K, 1 young (1024K), 1 survivors (1024K)
 Metaspace       used 79286K, capacity 84688K, committed 84992K, reserved 1122304K
  class space    used 10726K, capacity 11668K, committed 11776K, reserved 1048576K
}

Deoptimization events (10 events):
Event: 1859.975 Thread 0x0000019b916db800 Uncommon trap: reason=class_check action=maybe_recompile pc=0x0000019b8869a470 method=java.awt.Container.dispatchEventImpl(Ljava/awt/AWTEvent;)V @ 34 c2
Event: 1859.986 Thread 0x0000019b916db800 Uncommon trap: reason=class_check action=maybe_recompile pc=0x0000019b8869a470 method=java.awt.Container.dispatchEventImpl(Ljava/awt/AWTEvent;)V @ 34 c2
Event: 1863.958 Thread 0x0000019b916db800 Uncommon trap: reason=unstable_if action=reinterpret pc=0x0000019b88e55550 method=javax.swing.plaf.synth.SynthButtonUI.getComponentState(Ljavax/swing/JComponent;)I @ 43 c2
Event: 1863.995 Thread 0x0000019b916db800 Uncommon trap: reason=unstable_if action=reinterpret pc=0x0000019b88bc533c method=de.javasoft.plaf.synthetica.styles.StyleWrapper.getInt(Ljavax/swing/plaf/synth/SynthContext;Ljava/lang/Object;I)I @ 31 c2
Event: 1863.995 Thread 0x0000019b916db800 Uncommon trap: reason=unstable_if action=reinterpret pc=0x0000019b890662c4 method=de.javasoft.synthetica.plain.GraphicsUtils.paintText(Ljavax/swing/plaf/synth/SynthContext;Ljava/awt/Graphics;Ljava/lang/String;III)V @ 69 c2
Event: 1864.027 Thread 0x0000019b916db800 Uncommon trap: reason=class_check action=maybe_recompile pc=0x0000019b88d9be88 method=javax.swing.AbstractButton.setEnabled(Z)V @ 21 c2
Event: 1864.134 Thread 0x0000019b916db800 Uncommon trap: reason=class_check action=maybe_recompile pc=0x0000019b88ebeb80 method=javax.swing.plaf.synth.ParsedSynthStyle$DelegatingPainter.paintPanelBackground(Ljavax/swing/plaf/synth/SynthContext;Ljava/awt/Graphics;IIII)V @ 16 c2
Event: 1864.137 Thread 0x0000019b916db800 Uncommon trap: reason=bimorphic_or_optimized_type_check action=maybe_recompile pc=0x0000019b88b802d4 method=java.awt.DefaultKeyboardFocusManager.dispatchEvent(Ljava/awt/AWTEvent;)Z @ 470 c2
Event: 1864.182 Thread 0x0000019b916db800 Uncommon trap: reason=class_check action=maybe_recompile pc=0x0000019b88ebeb80 method=javax.swing.plaf.synth.ParsedSynthStyle$DelegatingPainter.paintPanelBackground(Ljavax/swing/plaf/synth/SynthContext;Ljava/awt/Graphics;IIII)V @ 16 c2
Event: 1864.270 Thread 0x0000019b916db800 Uncommon trap: reason=class_check action=maybe_recompile pc=0x0000019b88ebeb80 method=javax.swing.plaf.synth.ParsedSynthStyle$DelegatingPainter.paintPanelBackground(Ljavax/swing/plaf/synth/SynthContext;Ljava/awt/Graphics;IIII)V @ 16 c2

Classes redefined (0 events):
No events

Internal exceptions (10 events):
Event: 1651.951 Thread 0x0000019b916db800 Exception <a 'java/lang/ClassNotFoundException'{0x0000000706c198f0}: org/jdesktop/swingx/JXPanelCustomizer> (0x0000000706c198f0) thrown at [t:/workspace/hotspot/src/share/vm/classfile/systemDictionary.cpp, line 218]
Event: 1651.952 Thread 0x0000019b916db800 Exception <a 'java/lang/ClassNotFoundException'{0x0000000706c570e8}: org/jdesktop/swingx/JXTitledPanelCustomizer> (0x0000000706c570e8) thrown at [t:/workspace/hotspot/src/share/vm/classfile/systemDictionary.cpp, line 218]
Event: 1651.954 Thread 0x0000019b916db800 Exception <a 'java/lang/ClassNotFoundException'{0x0000000706c8f428}: ui/utils/o/p/a/dCustomizer> (0x0000000706c8f428) thrown at [t:/workspace/hotspot/src/share/vm/classfile/systemDictionary.cpp, line 218]
Event: 1651.955 Thread 0x0000019b916db800 Exception <a 'java/lang/ClassNotFoundException'{0x0000000706cc5cf8}: ui/views/waveform/f/pCustomizer> (0x0000000706cc5cf8) thrown at [t:/workspace/hotspot/src/share/vm/classfile/systemDictionary.cpp, line 218]
Event: 1652.010 Thread 0x0000019b916db800 Implicit null exception at 0x0000019b88571afe to 0x0000019b885723af
Event: 1652.486 Thread 0x0000019b9caf6800 Implicit null exception at 0x0000019b88aec2e4 to 0x0000019b88aee195
Event: 1653.248 Thread 0x0000019b916db800 Exception <a 'java/lang/NoSuchMethodError'{0x0000000707a19218}: java.lang.invoke.DelegatingMethodHandle$Holder.reinvoke_L(Ljava/lang/Object;Ljava/lang/Object;J)Ljava/lang/Object;> (0x0000000707a19218) thrown at [t:/workspace/hotspot/src/share/vm/interpret
Event: 1655.218 Thread 0x0000019b9cae9000 Implicit null exception at 0x0000019b88121451 to 0x0000019b881219e5
Event: 1665.658 Thread 0x0000019b91cb6000 Implicit null exception at 0x0000019b888cff24 to 0x0000019b888d1f19
Event: 1842.653 Thread 0x0000019b916db800 Implicit null exception at 0x0000019b88d4e1f7 to 0x0000019b88d4e547

Events (10 events):
Event: 1864.270 Thread 0x0000019b916db800 DEOPT PACKING pc=0x0000019b88ebeb80 sp=0x0000004da9efa710
Event: 1864.270 Thread 0x0000019b916db800 DEOPT UNPACKING pc=0x0000019b8004df29 sp=0x0000004da9efa6a8 mode 2
Event: 1864.328 Executing VM operation: CGC_Operation
Event: 1864.344 Executing VM operation: CGC_Operation done
Event: 1864.353 Executing VM operation: CGC_Operation
Event: 1864.354 Executing VM operation: CGC_Operation done
Event: 1864.902 Thread 0x0000019b93997000 Thread added: 0x0000019b93997000
Event: 1864.909 Thread 0x0000019b93997000 Thread exited: 0x0000019b93997000
Event: 1865.902 Thread 0x0000019b93997000 Thread added: 0x0000019b93997000
Event: 1865.909 Thread 0x0000019b93997000 Thread exited: 0x0000019b93997000


Dynamic libraries:
0x00007ff6b75b0000 - 0x00007ff6b75e0000 	F:\verilog\Vivado\2018.3\bin\unwrapped\win64.o\vivado.exe
0x00007ffb29c60000 - 0x00007ffb29e50000 	C:\WINDOWS\SYSTEM32\ntdll.dll
0x00007ffb29010000 - 0x00007ffb290c2000 	C:\WINDOWS\System32\KERNEL32.DLL
0x00007ffb27a60000 - 0x00007ffb27d05000 	C:\WINDOWS\System32\KERNELBASE.dll
0x00007ffb26bd0000 - 0x00007ffb26cca000 	C:\WINDOWS\System32\ucrtbase.dll
0x00007ffb17910000 - 0x00007ffb1799d000 	C:\WINDOWS\SYSTEM32\MSVCP140.dll
0x00007ffb179a0000 - 0x00007ffb179bb000 	C:\WINDOWS\SYSTEM32\VCRUNTIME140.dll
0x00007ffb1e2b0000 - 0x00007ffb1e2bc000 	C:\WINDOWS\SYSTEM32\VCRUNTIME140_1.dll
0x00007ffb1d940000 - 0x00007ffb1d954000 	F:\verilog\Vivado\2018.3\lib\win64.o\libboost_signals.dll
0x00007ffb1d920000 - 0x00007ffb1d934000 	F:\verilog\Vivado\2018.3\lib\win64.o\librdi_commonmain.dll
0x00007ffb1d8f0000 - 0x00007ffb1d916000 	F:\verilog\Vivado\2018.3\lib\win64.o\libboost_filesystem.dll
0x00007ffb28540000 - 0x00007ffb285e3000 	C:\WINDOWS\System32\ADVAPI32.dll
0x00007ffb285f0000 - 0x00007ffb2868e000 	C:\WINDOWS\System32\msvcrt.dll
0x00007ffb29b80000 - 0x00007ffb29c17000 	C:\WINDOWS\System32\sechost.dll
0x00007ffb28940000 - 0x00007ffb28a5f000 	C:\WINDOWS\System32\RPCRT4.dll
0x00007ffb23780000 - 0x00007ffb2378a000 	F:\verilog\Vivado\2018.3\lib\win64.o\librdi_commonversion.dll
0x00007ffab5430000 - 0x00007ffab62c4000 	F:\verilog\Vivado\2018.3\lib\win64.o\librdi_common.dll
0x00007ffb140d0000 - 0x00007ffb141f1000 	F:\verilog\Vivado\2018.3\lib\win64.o\librdi_commonxillic.dll
0x00007ffb290d0000 - 0x00007ffb29264000 	C:\WINDOWS\System32\USER32.dll
0x00007ffb278e0000 - 0x00007ffb27901000 	C:\WINDOWS\System32\win32u.dll
0x00007ffb287a0000 - 0x00007ffb287c6000 	C:\WINDOWS\System32\GDI32.dll
0x00007ffb26cd0000 - 0x00007ffb26e68000 	C:\WINDOWS\System32\gdi32full.dll
0x00007ffb279a0000 - 0x00007ffb27a3e000 	C:\WINDOWS\System32\msvcp_win.dll
0x00007ffb21a50000 - 0x00007ffb21a5b000 	F:\verilog\Vivado\2018.3\lib\win64.o\libboost_system.dll
0x00007ffb27d10000 - 0x00007ffb283f7000 	C:\WINDOWS\System32\SHELL32.dll
0x00007ffb26e70000 - 0x00007ffb26eba000 	C:\WINDOWS\System32\cfgmgr32.dll
0x00007ffb28a80000 - 0x00007ffb28b28000 	C:\WINDOWS\System32\shcore.dll
0x00007ffb29840000 - 0x00007ffb29b76000 	C:\WINDOWS\System32\combase.dll
0x00007ffb27910000 - 0x00007ffb27991000 	C:\WINDOWS\System32\bcryptPrimitives.dll
0x00007ffb27130000 - 0x00007ffb278ab000 	C:\WINDOWS\System32\windows.storage.dll
0x00007ffb26b20000 - 0x00007ffb26b3e000 	C:\WINDOWS\System32\profapi.dll
0x00007ffb26b60000 - 0x00007ffb26baa000 	C:\WINDOWS\System32\powrprof.dll
0x00007ffb26b10000 - 0x00007ffb26b20000 	C:\WINDOWS\System32\UMPDC.dll
0x00007ffb28710000 - 0x00007ffb28762000 	C:\WINDOWS\System32\shlwapi.dll
0x00007ffb26b40000 - 0x00007ffb26b51000 	C:\WINDOWS\System32\kernel.appcore.dll
0x00007ffb27a40000 - 0x00007ffb27a57000 	C:\WINDOWS\System32\cryptsp.dll
0x000000006ea30000 - 0x000000006eb5b000 	F:\verilog\Vivado\2018.3\lib\win64.o\tcl85t.dll
0x00007ffb28b30000 - 0x00007ffb28b9f000 	C:\WINDOWS\System32\WS2_32.dll
0x00007ffb06a20000 - 0x00007ffb06b34000 	F:\verilog\Vivado\2018.3\lib\win64.o\libboost_regex.dll
0x00007ffae92d0000 - 0x00007ffae9585000 	F:\verilog\Vivado\2018.3\lib\win64.o\libXil_lmgr11.dll
0x00007ffb287d0000 - 0x00007ffb288a0000 	C:\WINDOWS\System32\COMDLG32.dll
0x00007ffb28460000 - 0x00007ffb28525000 	C:\WINDOWS\System32\OLEAUT32.dll
0x00007ffb293b0000 - 0x00007ffb29507000 	C:\WINDOWS\System32\ole32.dll
0x00007ffb270d0000 - 0x00007ffb2712c000 	C:\WINDOWS\System32\WINTRUST.dll
0x00007ffb26bb0000 - 0x00007ffb26bc2000 	C:\WINDOWS\System32\MSASN1.dll
0x00007ffb26f70000 - 0x00007ffb270c1000 	C:\WINDOWS\System32\CRYPT32.dll
0x00007ffab9110000 - 0x00007ffab947e000 	F:\verilog\Vivado\2018.3\lib\win64.o\libCOIN-all.dll
0x00007ffb1d820000 - 0x00007ffb1d834000 	F:\verilog\Vivado\2018.3\lib\win64.o\libboost_date_time.dll
0x00007ffb14040000 - 0x00007ffb140c2000 	F:\verilog\Vivado\2018.3\lib\win64.o\libhdlpsolve.dll
0x00007ffb21800000 - 0x00007ffb2180f000 	F:\verilog\Vivado\2018.3\lib\win64.o\libboost_xilinx.dll
0x00007ffb151f0000 - 0x00007ffb15211000 	F:\verilog\Vivado\2018.3\lib\win64.o\libboost_thread.dll
0x00007ffb15040000 - 0x00007ffb150bf000 	F:\verilog\Vivado\2018.3\lib\win64.o\libboost_program_options.dll
0x00007ffb0b410000 - 0x00007ffb0b475000 	F:\verilog\Vivado\2018.3\lib\win64.o\liblmx6.0.dll
0x00007ffb151c0000 - 0x00007ffb151ee000 	F:\verilog\Vivado\2018.3\lib\win64.o\libisl_sysinfo.dll
0x00007ffb06970000 - 0x00007ffb06a15000 	F:\verilog\Vivado\2018.3\lib\win64.o\libhdxml.dll
0x00007ffb14020000 - 0x00007ffb1403a000 	F:\verilog\Vivado\2018.3\lib\win64.o\pthreadVC2.dll
0x00007ffb14000000 - 0x00007ffb1401c000 	F:\verilog\Vivado\2018.3\lib\win64.o\librdiconfig.dll
0x00007ffb11730000 - 0x00007ffb11747000 	C:\WINDOWS\SYSTEM32\NETAPI32.dll
0x00007ffb03790000 - 0x00007ffb03c67000 	C:\WINDOWS\SYSTEM32\WININET.dll
0x00007ffb20b30000 - 0x00007ffb20c2a000 	C:\WINDOWS\SYSTEM32\WINHTTP.dll
0x00007ffb10020000 - 0x00007ffb101f7000 	C:\WINDOWS\SYSTEM32\urlmon.dll
0x00007ffab74c0000 - 0x00007ffab7d0e600 	F:\verilog\Vivado\2018.3\lib\win64.o\libisl_iostreams.dll
0x00007ffb12040000 - 0x00007ffb12049000 	C:\WINDOWS\SYSTEM32\WSOCK32.dll
0x00007ffb0b5d0000 - 0x00007ffb0b601000 	C:\WINDOWS\SYSTEM32\VCOMP140.DLL
0x00007ffb0b190000 - 0x00007ffb0b1b1000 	F:\verilog\Vivado\2018.3\lib\win64.o\librdizlib.dll
0x00007ffb0afd0000 - 0x00007ffb0b079000 	C:\WINDOWS\WinSxS\amd64_microsoft.windows.common-controls_6595b64144ccf1df_5.82.18362.1556_none_73b7cd9cd811daa8\COMCTL32.dll
0x00007ffb1e790000 - 0x00007ffb1e7ac000 	C:\WINDOWS\SYSTEM32\dhcpcsvc.DLL
0x00007ffb28530000 - 0x00007ffb28538000 	C:\WINDOWS\System32\NSI.dll
0x0000000012000000 - 0x0000000012272000 	F:\verilog\Vivado\2018.3\lib\win64.o\xerces-c_3_1.dll
0x00007ffb0fd40000 - 0x00007ffb0ffe7000 	C:\WINDOWS\SYSTEM32\iertutil.dll
0x00007ffb1d8e0000 - 0x00007ffb1d8ed000 	F:\verilog\Vivado\2018.3\lib\win64.o\libboost_chrono.dll
0x00007ffb0fc60000 - 0x00007ffb0fc7b000 	F:\verilog\Vivado\2018.3\lib\win64.o\libboost_iostreams.dll
0x00007ffb26520000 - 0x00007ffb2652c000 	C:\WINDOWS\SYSTEM32\CRYPTBASE.DLL
0x00007ffb06940000 - 0x00007ffb06965000 	F:\verilog\Vivado\2018.3\lib\win64.o\libisl_iosutils.dll
0x00007ffab3b90000 - 0x00007ffab4a21000 	F:\verilog\Vivado\2018.3\lib\win64.o\gurobi65.dll
0x00007ffb26170000 - 0x00007ffb2617c000 	C:\WINDOWS\SYSTEM32\NETUTILS.DLL
0x00007ffb28770000 - 0x00007ffb2879e000 	C:\WINDOWS\System32\IMM32.DLL
0x00007ffae8dd0000 - 0x00007ffae92c5000 	F:\verilog\Vivado\2018.3\lib\win64.o\librdi_commontasks.dll
0x00007ffb22220000 - 0x00007ffb2222a000 	C:\WINDOWS\SYSTEM32\VERSION.dll
0x00007ffae8b50000 - 0x00007ffae8dcf000 	F:\verilog\Vivado\2018.3\lib\win64.o\librdi_sio.dll
0x000000006e000000 - 0x000000006ea25000 	F:\verilog\Vivado\2018.3\tps\win64\jre9.0.4\bin\server\jvm.dll
0x00007ffb28a70000 - 0x00007ffb28a78000 	C:\WINDOWS\System32\PSAPI.DLL
0x00007ffb1f2e0000 - 0x00007ffb1f304000 	C:\WINDOWS\SYSTEM32\WINMM.dll
0x00007ffb11400000 - 0x00007ffb114ef000 	C:\WINDOWS\SYSTEM32\MSVCR120.dll
0x00007ffb1f2b0000 - 0x00007ffb1f2dd000 	C:\WINDOWS\SYSTEM32\WINMMBASE.dll
0x00007ffb26060000 - 0x00007ffb2609a000 	C:\WINDOWS\SYSTEM32\IPHLPAPI.DLL
0x00007ffb26350000 - 0x00007ffb263b7000 	C:\WINDOWS\SYSTEM32\MSWSOCK.DLL
0x00007ffac51b0000 - 0x00007ffac7572000 	F:\verilog\Vivado\2018.3\lib\win64.o\librdi_tcltasks.dll
0x00007ffb06860000 - 0x00007ffb0693c000 	F:\verilog\Vivado\2018.3\lib\win64.o\librdi_chipscope.dll
0x00007ffad4250000 - 0x00007ffad43ce000 	F:\verilog\Vivado\2018.3\lib\win64.o\librdi_board.dll
0x00007ffb067f0000 - 0x00007ffb0685a000 	F:\verilog\Vivado\2018.3\lib\win64.o\librdi_boarddep.dll
0x00007ffac5060000 - 0x00007ffac51a8000 	F:\verilog\Vivado\2018.3\lib\win64.o\librdi_containers.dll
0x00007ffac4ea0000 - 0x00007ffac5059000 	F:\verilog\Vivado\2018.3\lib\win64.o\librdi_chipscopeimpl.dll
0x00007ffac4ac0000 - 0x00007ffac4e9c000 	F:\verilog\Vivado\2018.3\lib\win64.o\librdi_bitstream.dll
0x00007ffac31b0000 - 0x00007ffac4ab5000 	F:\verilog\Vivado\2018.3\lib\win64.o\librdi_constraints.dll
0x00007ffab1d70000 - 0x00007ffab3b8f000 	F:\verilog\Vivado\2018.3\lib\win64.o\librdi_coregen.dll
0x00007ffac2ad0000 - 0x00007ffac31aa000 	F:\verilog\Vivado\2018.3\lib\win64.o\librdi_coregenipxact.dll
0x00007ffaadf70000 - 0x00007ffab1d6b000 	F:\verilog\Vivado\2018.3\lib\win64.o\librdi_designutils.dll
0x00007ffac27b0000 - 0x00007ffac2acb000 	F:\verilog\Vivado\2018.3\lib\win64.o\librdi_dlyest.dll
0x00007ffac2250000 - 0x00007ffac27b0000 	F:\verilog\Vivado\2018.3\lib\win64.o\librdi_drc.dll
0x00007ffb06610000 - 0x00007ffb066d2000 	F:\verilog\Vivado\2018.3\lib\win64.o\librdi_dsp.dll
0x00007ffac1c10000 - 0x00007ffac224f000 	F:\verilog\Vivado\2018.3\lib\win64.o\librdi_filemgmt.dll
0x00007ffa9d210000 - 0x00007ffaadf62000 	F:\verilog\Vivado\2018.3\lib\win64.o\librdi_device.dll
0x00007ffb06700000 - 0x00007ffb0675d000 	F:\verilog\Vivado\2018.3\lib\win64.o\librdi_hdf.dll
0x00007ffb04f20000 - 0x00007ffb04f91000 	F:\verilog\Vivado\2018.3\lib\win64.o\librdi_memoryarray.dll
0x00007ffac1930000 - 0x00007ffac1c0a000 	F:\verilog\Vivado\2018.3\lib\win64.o\librdi_guitools.dll
0x00007ffabd600000 - 0x00007ffabdc15000 	F:\verilog\Vivado\2018.3\lib\win64.o\librdi_memdata.dll
0x00007ffb067a0000 - 0x00007ffb067f0000 	F:\verilog\Vivado\2018.3\lib\win64.o\librdi_pfi.dll
0x00007ffa9be70000 - 0x00007ffa9d201000 	F:\verilog\Vivado\2018.3\lib\win64.o\librdi_implflow.dll
0x00007ffa984c0000 - 0x00007ffa9be6c000 	F:\verilog\Vivado\2018.3\lib\win64.o\librdi_mig.dll
0x00007ffab7fc0000 - 0x00007ffab86b5000 	F:\verilog\Vivado\2018.3\lib\win64.o\librdi_power.dll
0x00007ffab86c0000 - 0x00007ffab8cfb000 	F:\verilog\Vivado\2018.3\lib\win64.o\librdi_netlist.dll
0x00007ffa95fa0000 - 0x00007ffa984b4000 	F:\verilog\Vivado\2018.3\lib\win64.o\librdi_place.dll
0x00007ffabd2f0000 - 0x00007ffabd5f7000 	F:\verilog\Vivado\2018.3\lib\win64.o\librdi_platform.dll
0x00007ffab68c0000 - 0x00007ffab6e16000 	F:\verilog\Vivado\2018.3\lib\win64.o\librdi_project.dll
0x00007ffa951c0000 - 0x00007ffa95899000 	F:\verilog\Vivado\2018.3\lib\win64.o\librdi_rsb.dll
0x00007ffa958a0000 - 0x00007ffa95f93000 	F:\verilog\Vivado\2018.3\lib\win64.o\librdi_psta.dll
0x00007ffaefd30000 - 0x00007ffaefe08000 	F:\verilog\Vivado\2018.3\lib\win64.o\librdi_runsbase.dll
0x00007ffabb930000 - 0x00007ffabbd07000 	F:\verilog\Vivado\2018.3\lib\win64.o\librdi_runs.dll
0x00007ffabd190000 - 0x00007ffabd2e4000 	F:\verilog\Vivado\2018.3\lib\win64.o\librdi_advchipscopeimpl.dll
0x00007ffa94430000 - 0x00007ffa951bd000 	F:\verilog\Vivado\2018.3\lib\win64.o\librdi_timing.dll
0x00007ffab7290000 - 0x00007ffab74b8000 	F:\verilog\Vivado\2018.3\lib\win64.o\librdi_simdata.dll
0x00007ffb065c0000 - 0x00007ffb0660c000 	F:\verilog\Vivado\2018.3\lib\win64.o\libboost_serialization.dll
0x00007ffad56e0000 - 0x00007ffad5798000 	F:\verilog\Vivado\2018.3\lib\win64.o\librdi_hip_devdesign.dll
0x00007ffb0d870000 - 0x00007ffb0d8a8000 	F:\verilog\Vivado\2018.3\lib\win64.o\librdi_noc_frameworks.dll
0x00007ffafcc60000 - 0x00007ffafcd0b000 	F:\verilog\Vivado\2018.3\lib\win64.o\librdi_ipconfig_readwrite.dll
0x00007ffab4ee0000 - 0x00007ffab542e000 	F:\verilog\Vivado\2018.3\lib\win64.o\librdi_xdm.dll
0x00007ffa94070000 - 0x00007ffa94425000 	F:\verilog\Vivado\2018.3\lib\win64.o\librdi_hip_config.dll

VM Arguments:
jvm_args: -Dsun.java2d.pmoffscreen=false -Dsun.java2d.xrender=false -Dsun.java2d.d3d=false -Dsun.awt.nopixfmt=true -Dsun.java2d.dpiaware=true -Dsun.java2d.uiScale.enabled=false -Xverify:none -Dswing.aatext=true -XX:-UsePerfData -Djdk.map.althashing.threshold=512 -XX:StringTableSize=4072 --add-opens=java.base/java.nio=ALL-UNNAMED --add-opens=java.desktop/sun.swing=ALL-UNNAMED --add-opens=java.desktop/javax.swing=ALL-UNNAMED --add-opens=java.desktop/javax.swing.tree=ALL-UNNAMED --add-opens=java.desktop/javax.swing.plaf.basic=ALL-UNNAMED --add-opens=java.desktop/javax.swing.plaf.synth=ALL-UNNAMED --add-opens=java.desktop/com.sun.awt=ALL-UNNAMED -XX:NewSize=60m -XX:MaxNewSize=60m -Xms128m -Xmx3072m -Xss5m 
java_command: <unknown>
java_class_path (initial): F:/verilog/Vivado/2018.3\lib\classes\alloy.jar;F:/verilog/Vivado/2018.3\lib\classes\autopilot.scelaborator.jar;F:/verilog/Vivado/2018.3\lib\classes\autopilot.sourceprocessor.jar;F:/verilog/Vivado/2018.3\lib\classes\autopilot.tbprocessor.jar;F:/verilog/Vivado/2018.3\lib\classes\batik-anim.jar;F:/verilog/Vivado/2018.3\lib\classes\batik-awt-util.jar;F:/verilog/Vivado/2018.3\lib\classes\batik-bridge.jar;F:/verilog/Vivado/2018.3\lib\classes\batik-codec.jar;F:/verilog/Vivado/2018.3\lib\classes\batik-css.jar;F:/verilog/Vivado/2018.3\lib\classes\batik-dom.jar;F:/verilog/Vivado/2018.3\lib\classes\batik-ext.jar;F:/verilog/Vivado/2018.3\lib\classes\batik-gui-util.jar;F:/verilog/Vivado/2018.3\lib\classes\batik-gvt.jar;F:/verilog/Vivado/2018.3\lib\classes\batik-parser.jar;F:/verilog/Vivado/2018.3\lib\classes\batik-script.jar;F:/verilog/Vivado/2018.3\lib\classes\batik-svg-dom.jar;F:/verilog/Vivado/2018.3\lib\classes\batik-swing.jar;F:/verilog/Vivado/2018.3\lib\classes\batik-transcoder.jar;F:/verilog/Vivado/2018.3\lib\classes\batik-util.jar;F:/verilog/Vivado/2018.3\lib\classes\batik-xml.jar;F:/verilog/Vivado/2018.3\lib\classes\com.ibm.icu_4.4.2.v20110208.jar;F:/verilog/Vivado/2018.3\lib\classes\commons-collections4-4.1.jar;F:/verilog/Vivado/2018.3\lib\classes\commons-math-2.2.jar;F:/verilog/Vivado/2018.3\lib\classes\dom4j-1.6.1.jar;F:/verilog/Vivado/2018.3\lib\classes\guava-18.0.jar;F:/verilog/Vivado/2018.3\lib\classes\help.jar;F:/verilog/Vivado/2018.3\lib\classes\hsqldb.jar;F:/verilog/Vivado/2018.3\lib\classes\jargs.jar;F:/verilog/Vivado/2018.3\lib\classes\jaxb-api-2.3.0.jar;F:/verilog/Vivado/2018.3\lib\classes\jh.jar;F:/verilog/Vivado/2018.3\lib\classes\jide-action.jar;F:/verilog/Vivado/2018.3\lib\classes\jide-charts.jar;F:/verilog/Vivado/2018.3\lib\classes\jide-common.jar;F:/verilog/Vivado/2018.3\lib\classes\jide-components.jar;F:/verilog/Vivado/2018.3\lib\classes\jide-dashboard.jar;F:/verilog/Vivado/2018.3\lib\classes\jide-data.jar;F:/verilog/Vivad
Launcher Type: generic

Logging:
Log output configuration:
#0: stdout all=warning uptime,level,tags
#1: stderr all=off uptime,level,tags

Environment Variables:
PATH=F:/verilog/Vivado/2018.3/bin;F:/verilog/Vivado/2018.3/lib/win64.o;F:/verilog/Vivado/2018.3/tps/win64/jre9.0.4/bin/server;F:/verilog/Vivado/2018.3/tps/win64/jre9.0.4/bin;F:/verilog/SDK/2018.3/bin;F:/verilog/Vivado/2018.3/ids_lite/ISE/bin/nt64;F:/verilog/Vivado/2018.3/ids_lite/ISE/lib/nt64;C:\Program Files (x86)\VMware\VMware Workstation\bin\;C:\MinGW\bin;C:\Users\DELL 7510\AppData\Local\Microsoft\WindowsApps;C:\Users\DELL 7510\.dotnet\tools;C:\Program Files\JetBrains\PyCharm Community Edition 2020.3.5\bin;;C:\Program Files\qemu;C:\Users\DELL 7510\AppData\Local\Programs\Microsoft VS Code\bin;F:/verilog/Vivado/2018.3\tps\mingw\6.2.0\win64.o\nt\bin;F:/verilog/Vivado/2018.3\tps\mingw\6.2.0\win64.o\nt\libexec\gcc\x86_64-w64-mingw32\6.2.0
USERNAME=DELL 7510
OS=Windows_NT
PROCESSOR_IDENTIFIER=Intel64 Family 6 Model 94 Stepping 3, GenuineIntel



---------------  S Y S T E M  ---------------

OS: Windows 10 , 64 bit Build 18362 (10.0.18362.1500)

CPU:total 8 (initial active 8) (4 cores per cpu, 2 threads per core) family 6 model 94 stepping 3, cmov, cx8, fxsr, mmx, sse, sse2, sse3, ssse3, sse4.1, sse4.2, popcnt, avx, avx2, aes, clmul, erms, rtm, 3dnowpref, lzcnt, ht, tsc, tscinvbit, bmi1, bmi2, adx, fma

Memory: 4k page, physical 8197396k(3576252k free), swap 9508116k(3980048k free)

vm_info: Java HotSpot(TM) 64-Bit Server VM (9.0.4+11) for windows-amd64 JRE (9.0.4+11), built on Dec 20 2017 02:18:54 by "mach5one" with MS VC++ 12.0 (VS2013)

END.
